This is pdfTeX, Version 3.14159265-2.6-1.40.19 (MiKTeX 2.9.6930 64-bit) (preloaded format=pdflatex 2019.9.29)  6 DEC 2019 01:05
entering extended mode
**./r-and-r-memo-rob-lytle.tex
(r-and-r-memo-rob-lytle.tex
LaTeX2e <2018-12-01>
("D:\Users\robly\AppData\Local\Programs\MiKTeX 2.9\tex/latex/base\article.cls"
Document Class: article 2018/09/03 v1.4i Standard LaTeX document class
("D:\Users\robly\AppData\Local\Programs\MiKTeX 2.9\tex/latex/base\size12.clo"
File: size12.clo 2018/09/03 v1.4i Standard LaTeX file (size option)
)
\c@part=\count80
\c@section=\count81
\c@subsection=\count82
\c@subsubsection=\count83
\c@paragraph=\count84
\c@subparagraph=\count85
\c@figure=\count86
\c@table=\count87
\abovecaptionskip=\skip41
\belowcaptionskip=\skip42
\bibindent=\dimen102
)
("D:\Users\robly\AppData\Local\Programs\MiKTeX 2.9\tex/latex/geometry\geometry.
sty"
Package: geometry 2018/04/16 v5.8 Page Geometry

("D:\Users\robly\AppData\Local\Programs\MiKTeX 2.9\tex/latex/graphics\keyval.st
y"
Package: keyval 2014/10/28 v1.15 key=value parser (DPC)
\KV@toks@=\toks14
)
("D:\Users\robly\AppData\Local\Programs\MiKTeX 2.9\tex/generic/oberdiek\ifpdf.s
ty"
Package: ifpdf 2018/09/07 v3.3 Provides the ifpdf switch
)
("D:\Users\robly\AppData\Local\Programs\MiKTeX 2.9\tex/generic/oberdiek\ifvtex.
sty"
Package: ifvtex 2016/05/16 v1.6 Detect VTeX and its facilities (HO)
Package ifvtex Info: VTeX not detected.
)
("D:\Users\robly\AppData\Local\Programs\MiKTeX 2.9\tex/generic/ifxetex\ifxetex.
sty"
Package: ifxetex 2010/09/12 v0.6 Provides ifxetex conditional
)
\Gm@cnth=\count88
\Gm@cntv=\count89
\c@Gm@tempcnt=\count90
\Gm@bindingoffset=\dimen103
\Gm@wd@mp=\dimen104
\Gm@odd@mp=\dimen105
\Gm@even@mp=\dimen106
\Gm@layoutwidth=\dimen107
\Gm@layoutheight=\dimen108
\Gm@layouthoffset=\dimen109
\Gm@layoutvoffset=\dimen110
\Gm@dimlist=\toks15

("D:\Users\robly\AppData\Local\Programs\MiKTeX 2.9\tex/latex/geometry\geometry.
cfg"))
("D:\Users\robly\AppData\Local\Programs\MiKTeX 2.9\tex/latex/float\float.sty"
Package: float 2001/11/08 v1.3d Float enhancements (AL)
\c@float@type=\count91
\float@exts=\toks16
\float@box=\box27
\@float@everytoks=\toks17
\@floatcapt=\box28
)
("D:\Users\robly\AppData\Local\Programs\MiKTeX 2.9\tex/latex/natbib\natbib.sty"
Package: natbib 2010/09/13 8.31b (PWD, AO)
\bibhang=\skip43
\bibsep=\skip44
LaTeX Info: Redefining \cite on input line 694.
\c@NAT@ctr=\count92
)
("D:\Users\robly\AppData\Local\Programs\MiKTeX 2.9\tex/latex/graphics\graphicx.
sty"
Package: graphicx 2017/06/01 v1.1a Enhanced LaTeX Graphics (DPC,SPQR)

("D:\Users\robly\AppData\Local\Programs\MiKTeX 2.9\tex/latex/graphics\graphics.
sty"
Package: graphics 2017/06/25 v1.2c Standard LaTeX Graphics (DPC,SPQR)

("D:\Users\robly\AppData\Local\Programs\MiKTeX 2.9\tex/latex/graphics\trig.sty"
Package: trig 2016/01/03 v1.10 sin cos tan (DPC)
)
("D:\Users\robly\AppData\Local\Programs\MiKTeX 2.9\tex/latex/graphics-cfg\graph
ics.cfg"
File: graphics.cfg 2016/06/04 v1.11 sample graphics configuration
)
Package graphics Info: Driver file: pdftex.def on input line 99.

("D:\Users\robly\AppData\Local\Programs\MiKTeX 2.9\tex/latex/graphics-def\pdfte
x.def"
File: pdftex.def 2018/01/08 v1.0l Graphics/color driver for pdftex
))
\Gin@req@height=\dimen111
\Gin@req@width=\dimen112
)
("D:\Users\robly\AppData\Local\Programs\MiKTeX 2.9\tex/latex/setspace\setspace.
sty"
Package: setspace 2011/12/19 v6.7a set line spacing
)
("D:\Users\robly\AppData\Local\Programs\MiKTeX 2.9\tex/generic/genmisc\nth.sty"
Package: nth 2002/02/27
)
("D:\Users\robly\AppData\Local\Programs\MiKTeX 2.9\tex/latex/booktabs\booktabs.
sty"
Package: booktabs 2019/10/08 v1.6180339 publication quality tables
\heavyrulewidth=\dimen113
\lightrulewidth=\dimen114
\cmidrulewidth=\dimen115
\belowrulesep=\dimen116
\belowbottomsep=\dimen117
\aboverulesep=\dimen118
\abovetopsep=\dimen119
\cmidrulesep=\dimen120
\cmidrulekern=\dimen121
\defaultaddspace=\dimen122
\@cmidla=\count93
\@cmidlb=\count94
\@aboverulesep=\dimen123
\@belowrulesep=\dimen124
\@thisruleclass=\count95
\@lastruleclass=\count96
\@thisrulewidth=\dimen125
)
("D:\Users\robly\AppData\Local\Programs\MiKTeX 2.9\tex/latex/makecell\makecell.
sty"
Package: makecell 2009/08/03 V0.1e Managing of Tab Column Heads and Cells

("D:\Users\robly\AppData\Local\Programs\MiKTeX 2.9\tex/latex/tools\array.sty"
Package: array 2018/11/13 v2.4j Tabular extension package (FMi)
\col@sep=\dimen126
\ar@mcellbox=\box29
\extrarowheight=\dimen127
\NC@list=\toks18
\extratabsurround=\skip45
\backup@length=\skip46
\ar@cellbox=\box30
)
\rotheadsize=\dimen128
\c@nlinenum=\count97
\TeXr@lab=\toks19
)
No file r-and-r-memo-rob-lytle.aux.
\openout1 = `r-and-r-memo-rob-lytle.aux'.

LaTeX Font Info:    Checking defaults for OML/cmm/m/it on input line 19.
LaTeX Font Info:    ... okay on input line 19.
LaTeX Font Info:    Checking defaults for T1/cmr/m/n on input line 19.
LaTeX Font Info:    ... okay on input line 19.
LaTeX Font Info:    Checking defaults for OT1/cmr/m/n on input line 19.
LaTeX Font Info:    ... okay on input line 19.
LaTeX Font Info:    Checking defaults for OMS/cmsy/m/n on input line 19.
LaTeX Font Info:    ... okay on input line 19.
LaTeX Font Info:    Checking defaults for OMX/cmex/m/n on input line 19.
LaTeX Font Info:    ... okay on input line 19.
LaTeX Font Info:    Checking defaults for U/cmr/m/n on input line 19.
LaTeX Font Info:    ... okay on input line 19.
*geometry* driver: auto-detecting
*geometry* detected driver: pdftex
*geometry* verbose mode - [ preamble ] result:
* driver: pdftex
* paper: <default>
* layout: <same size as paper>
* layoutoffset:(h,v)=(0.0pt,0.0pt)
* modes: 
* h-part:(L,W,R)=(72.26999pt, 469.75502pt, 72.26999pt)
* v-part:(T,H,B)=(72.26999pt, 650.43001pt, 72.26999pt)
* \paperwidth=614.295pt
* \paperheight=794.96999pt
* \textwidth=469.75502pt
* \textheight=650.43001pt
* \oddsidemargin=0.0pt
* \evensidemargin=0.0pt
* \topmargin=-37.0pt
* \headheight=12.0pt
* \headsep=25.0pt
* \topskip=12.0pt
* \footskip=30.0pt
* \marginparwidth=44.0pt
* \marginparsep=10.0pt
* \columnsep=10.0pt
* \skip\footins=10.8pt plus 4.0pt minus 2.0pt
* \hoffset=0.0pt
* \voffset=0.0pt
* \mag=1000
* \@twocolumnfalse
* \@twosidefalse
* \@mparswitchfalse
* \@reversemarginfalse
* (1in=72.27pt=25.4mm, 1cm=28.453pt)


("D:\Users\robly\AppData\Local\Programs\MiKTeX 2.9\tex/context/base/mkii\supp-p
df.mkii"
[Loading MPS to PDF converter (version 2006.09.02).]
\scratchcounter=\count98
\scratchdimen=\dimen129
\scratchbox=\box31
\nofMPsegments=\count99
\nofMParguments=\count100
\everyMPshowfont=\toks20
\MPscratchCnt=\count101
\MPscratchDim=\dimen130
\MPnumerator=\count102
\makeMPintoPDFobject=\count103
\everyMPtoPDFconversion=\toks21
)
("D:\Users\robly\AppData\Local\Programs\MiKTeX 2.9\tex/latex/oberdiek\epstopdf-
base.sty"
Package: epstopdf-base 2016/05/15 v2.6 Base part for package epstopdf

("D:\Users\robly\AppData\Local\Programs\MiKTeX 2.9\tex/generic/oberdiek\infware
rr.sty"
Package: infwarerr 2016/05/16 v1.4 Providing info/warning/error messages (HO)
)
("D:\Users\robly\AppData\Local\Programs\MiKTeX 2.9\tex/latex/oberdiek\grfext.st
y"
Package: grfext 2016/05/16 v1.2 Manage graphics extensions (HO)

("D:\Users\robly\AppData\Local\Programs\MiKTeX 2.9\tex/generic/oberdiek\kvdefin
ekeys.sty"
Package: kvdefinekeys 2016/05/16 v1.4 Define keys (HO)

("D:\Users\robly\AppData\Local\Programs\MiKTeX 2.9\tex/generic/oberdiek\ltxcmds
.sty"
Package: ltxcmds 2016/05/16 v1.23 LaTeX kernel commands for general use (HO)
)))
("D:\Users\robly\AppData\Local\Programs\MiKTeX 2.9\tex/latex/oberdiek\kvoptions
.sty"
Package: kvoptions 2016/05/16 v3.12 Key value format for package options (HO)

("D:\Users\robly\AppData\Local\Programs\MiKTeX 2.9\tex/generic/oberdiek\kvsetke
ys.sty"
Package: kvsetkeys 2016/05/16 v1.17 Key value parser (HO)

("D:\Users\robly\AppData\Local\Programs\MiKTeX 2.9\tex/generic/oberdiek\etexcmd
s.sty"
Package: etexcmds 2016/05/16 v1.6 Avoid name clashes with e-TeX commands (HO)

("D:\Users\robly\AppData\Local\Programs\MiKTeX 2.9\tex/generic/oberdiek\ifluate
x.sty"
Package: ifluatex 2016/05/16 v1.4 Provides the ifluatex switch (HO)
Package ifluatex Info: LuaTeX not detected.
))))
("D:\Users\robly\AppData\Local\Programs\MiKTeX 2.9\tex/generic/oberdiek\pdftexc
mds.sty"
Package: pdftexcmds 2018/09/10 v0.29 Utility functions of pdfTeX for LuaTeX (HO
)
Package pdftexcmds Info: LuaTeX not detected.
Package pdftexcmds Info: \pdf@primitive is available.
Package pdftexcmds Info: \pdf@ifprimitive is available.
Package pdftexcmds Info: \pdfdraftmode found.
)
Package epstopdf-base Info: Redefining graphics rule for `.eps' on input line 4
38.
Package grfext Info: Graphics extension search list:
(grfext)             [.pdf,.png,.jpg,.mps,.jpeg,.jbig2,.jb2,.PDF,.PNG,.JPG,.JPE
G,.JBIG2,.JB2,.eps]
(grfext)             \AppendGraphicsExtensions on input line 456.
)

Package natbib Warning: Citation `iyengar2012affect' on page 1 undefined on inp
ut line 24.

LaTeX Font Info:    External font `cmex10' loaded for size
(Font)              <14.4> on input line 24.
LaTeX Font Info:    External font `cmex10' loaded for size
(Font)              <7> on input line 24.
[1

{C:/Users/robly/AppData/Local/MiKTeX/2.9/pdftex/config/pdftex.map}]

Package natbib Warning: Citation `abramowitz2010disappearing' on page 2 undefin
ed on input line 28.


Package natbib Warning: Citation `fiorina2012disconnect' on page 2 undefined on
 input line 28.


Package natbib Warning: Citation `iyengar2012affect' on page 2 undefined on inp
ut line 28.


Package natbib Warning: Citation `iyengar2012affect' on page 2 undefined on inp
ut line 29.


Package natbib Warning: Citation `iyengar2012affect' on page 2 undefined on inp
ut line 32.


Package natbib Warning: Citation `abramowitz2010disappearing' on page 2 undefin
ed on input line 35.


Package natbib Warning: Citation `fiorina2012disconnect' on page 2 undefined on
 input line 35.


Package natbib Warning: Citation `fiorina2005culture' on page 2 undefined on in
put line 35.


Package natbib Warning: Citation `levendusky2009partisan' on page 2 undefined o
n input line 35.

[2

]

Package natbib Warning: Citation `converse1964nature' on page 3 undefined on in
put line 37.


Package natbib Warning: Citation `mcclosky1984american' on page 3 undefined on 
input line 37.


Package natbib Warning: Citation `zaller1992nature' on page 3 undefined on inpu
t line 37.

LaTeX Font Info:    External font `cmex10' loaded for size
(Font)              <12> on input line 39.
LaTeX Font Info:    External font `cmex10' loaded for size
(Font)              <8> on input line 39.
LaTeX Font Info:    External font `cmex10' loaded for size
(Font)              <6> on input line 39.
LaTeX Font Info:    External font `cmex10' loaded for size
(Font)              <5> on input line 39.

Package natbib Warning: Citation `iyengar2012affect' on page 3 undefined on inp
ut line 39.


Package natbib Warning: Citation `iyengar2012affect' on page 3 undefined on inp
ut line 41.


Package natbib Warning: Citation `iyengar2012affect' on page 3 undefined on inp
ut line 41.

[3]

Package natbib Warning: Citation `iyengar2012affect' on page 4 undefined on inp
ut line 43.


Package natbib Warning: Citation `iyengar2012affect' on page 4 undefined on inp
ut line 50.

[4]
LaTeX Font Info:    Try loading font information for OMS+cmr on input line 55.
 ("D:\Users\robly\AppData\Local\Programs\MiKTeX 2.9\tex/latex/base\omscmr.fd"
File: omscmr.fd 2014/09/29 v2.5h Standard LaTeX font definitions
)
LaTeX Font Info:    Font shape `OMS/cmr/m/n' in size <12> not available
(Font)              Font shape `OMS/cmsy/m/n' tried instead on input line 55.


Package natbib Warning: Citation `iyengar2012affect' on page 5 undefined on inp
ut line 55.


Package natbib Warning: Citation `iyengar2012affect' on page 5 undefined on inp
ut line 56.


Package natbib Warning: Citation `fiorina2005culture' on page 5 undefined on in
put line 58.

[5]

Package natbib Warning: Citation `iyengar2012affect' on page 6 undefined on inp
ut line 73.

[6]

LaTeX Warning: Reference `fig:dag' on page 7 undefined on input line 82.

<../fig/ext-dag.png, id=30, 505.89pt x 289.08pt>
File: ../fig/ext-dag.png Graphic file (type png)
<use ../fig/ext-dag.png>
Package pdftex.def Info: ../fig/ext-dag.png  used on input line 87.
(pdftex.def)             Requested size: 433.62pt x 247.7879pt.

Package natbib Warning: Citation `iyengar2012affect' on page 7 undefined on inp
ut line 88.


LaTeX Warning: `!h' float specifier changed to `!ht'.

[7]

Package natbib Warning: Citation `iyengar2012affect' on page 8 undefined on inp
ut line 100.

[8 <../fig/ext-dag.png>]

Package natbib Warning: Citation `iyengar2012affect' on page 9 undefined on inp
ut line 104.


Package natbib Warning: Citation `zaller1992nature' on page 9 undefined on inpu
t line 106.


Package natbib Warning: Citation `iyengar2012affect' on page 9 undefined on inp
ut line 106.

[9]

Package natbib Warning: Citation `harbridge2014public' on page 10 undefined on 
input line 108.


Package natbib Warning: Citation `shadish2002experimental' on page 10 undefined
 on input line 108.


Package natbib Warning: Citation `iyengar2012affect' on page 10 undefined on in
put line 113.


LaTeX Warning: Reference `fig:dag' on page 10 undefined on input line 113.


Package natbib Warning: Citation `mutz2007effects' on page 10 undefined on inpu
t line 119.

[10]

Package natbib Warning: Citation `keele2015geographic' on page 11 undefined on 
input line 121.


Package natbib Warning: Citation `krasno2008televised' on page 11 undefined on 
input line 123.


Package natbib Warning: Citation `huber2007identifying' on page 11 undefined on
 input line 123.


Package natbib Warning: Citation `rohde1991parties' on page 11 undefined on inp
ut line 134.

[11]

Package natbib Warning: Citation `morgan2015counterfactuals' on page 12 undefin
ed on input line 137.


Package natbib Warning: Citation `rohde1991parties' on page 12 undefined on inp
ut line 140.

[12]

Package natbib Warning: Citation `iyengar2012affect' on page 13 undefined on in
put line 145.


Package natbib Warning: Citation `elwert2014endogenous' on page 13 undefined on
 input line 149.

[13]

Package natbib Warning: Citation `druckman2013elite' on page 14 undefined on in
put line 152.


Package natbib Warning: Citation `iyengar2012affect' on page 14 undefined on in
put line 152.


Package natbib Warning: Citation `iyengar2012affect' on page 14 undefined on in
put line 158.

[14] (../fig/table-primaries.tex) [15] [16]
No file r-and-r-memo-rob-lytle.bbl.

Package natbib Warning: There were undefined citations.

(r-and-r-memo-rob-lytle.aux)

LaTeX Warning: There were undefined references.


LaTeX Warning: Label(s) may have changed. Rerun to get cross-references right.

 ) 
Here is how much of TeX's memory you used:
 2663 strings out of 492946
 38700 string characters out of 3126266
 114787 words of memory out of 3000000
 6520 multiletter control sequences out of 15000+200000
 10168 words of font info for 35 fonts, out of 3000000 for 9000
 1141 hyphenation exceptions out of 8191
 41i,10n,32p,1079b,286s stack positions out of 5000i,500n,10000p,200000b,50000s
<D:/Users/robly/AppData/Local/Programs/MiKTeX 2.9/fonts/type1/public/amsfonts
/cm/cmbx10.pfb><D:/Users/robly/AppData/Local/Programs/MiKTeX 2.9/fonts/type1/pu
blic/amsfonts/cm/cmbx12.pfb><D:/Users/robly/AppData/Local/Programs/MiKTeX 2.9/f
onts/type1/public/amsfonts/cm/cmbxti10.pfb><D:/Users/robly/AppData/Local/Progra
ms/MiKTeX 2.9/fonts/type1/public/amsfonts/cm/cmmi12.pfb><D:/Users/robly/AppData
/Local/Programs/MiKTeX 2.9/fonts/type1/public/amsfonts/cm/cmmi8.pfb><D:/Users/r
obly/AppData/Local/Programs/MiKTeX 2.9/fonts/type1/public/amsfonts/cm/cmr10.pfb
><D:/Users/robly/AppData/Local/Programs/MiKTeX 2.9/fonts/type1/public/amsfonts/
cm/cmr12.pfb><D:/Users/robly/AppData/Local/Programs/MiKTeX 2.9/fonts/type1/publ
ic/amsfonts/cm/cmr17.pfb><D:/Users/robly/AppData/Local/Programs/MiKTeX 2.9/font
s/type1/public/amsfonts/cm/cmr7.pfb><D:/Users/robly/AppData/Local/Programs/MiKT
eX 2.9/fonts/type1/public/amsfonts/cm/cmr8.pfb><D:/Users/robly/AppData/Local/Pr
ograms/MiKTeX 2.9/fonts/type1/public/amsfonts/cm/cmsy10.pfb><D:/Users/robly/App
Data/Local/Programs/MiKTeX 2.9/fonts/type1/public/amsfonts/cm/cmti10.pfb><D:/Us
ers/robly/AppData/Local/Programs/MiKTeX 2.9/fonts/type1/public/amsfonts/cm/cmti
12.pfb>
Output written on r-and-r-memo-rob-lytle.pdf (16 pages, 223781 bytes).
PDF statistics:
 108 PDF objects out of 1000 (max. 8388607)
 0 named destinations out of 1000 (max. 500000)
 6 words of extra memory for PDF output out of 10000 (max. 10000000)

